[1020/145122.807:ERROR:crashpad_client_win.cc(491)] CreateProcess: 页面文件太小，无法完成操作。 (0x5AF)
[1020/145122.945:ERROR:crashpad_client_win.cc(491)] CreateProcess: 系统资源不足，无法完成请求的服务。 (0x5AA)
[1020/145122.950:ERROR:crashpad_client_win.cc(491)] CreateProcess: 页面文件太小，无法完成操作。 (0x5AF)
[1020/145133.968:FATAL:thread_win.cc(25)] : 页面文件太小，无法完成操作。 (0x5AF)
[1020/145133.969:FATAL:thread_win.cc(25)] : 页面文件太小，无法完成操作。 (0x5AF)
[1020/145133.969:FATAL:thread_win.cc(25)] : 页面文件太小，无法完成操作。 (0x5AF)
[1020/145138.733:ERROR:registration_protocol_win.cc(84)] TransactNamedPipe: 管道已结束。 (0x6D)
[1020/145139.237:ERROR:crashpad_client_win.cc(130)] crash server failed to launch, self-terminating
[1020/145139.446:ERROR:process_info.cc(359)] UncheckedAllocate
[1020/145139.484:ERROR:filesystem_win.cc(148)] DeleteFile C:\Users\well-\AppData\Local\Temp\scoped_dir146100_10895\Crashpad\reports\769e78ed-ad21-420e-b1df-4fae71d2ab15.dmp: 另一个程序正在使用此文件，进程无法访问。 (0x20)
[1020/145904.712:ERROR:crashpad_client_win.cc(491)] CreateProcess: 内存资源不足，无法处理此命令。 (0x8)
[1020/145904.963:FATAL:thread_win.cc(25)] : 页面文件太小，无法完成操作。 (0x5AF)
[1020/145905.303:ERROR:crashpad_client_win.cc(491)] CreateProcess: 页面文件太小，无法完成操作。 (0x5AF)
[1020/145906.112:ERROR:crashpad_client_win.cc(491)] CreateProcess: 页面文件太小，无法完成操作。 (0x5AF)
[1020/145906.764:ERROR:crashpad_client_win.cc(491)] CreateProcess: 页面文件太小，无法完成操作。 (0x5AF)
[1020/145907.127:ERROR:crashpad_client_win.cc(491)] CreateProcess: 页面文件太小，无法完成操作。 (0x5AF)
[1020/145909.345:ERROR:registration_protocol_win.cc(84)] TransactNamedPipe: 管道已结束。 (0x6D)
[1020/145909.344:ERROR:registration_protocol_win.cc(84)] TransactNamedPipe: 管道已结束。 (0x6D)
[1020/145912.077:ERROR:registration_protocol_win.cc(84)] TransactNamedPipe: 管道已结束。 (0x6D)
[1020/145912.188:ERROR:registration_protocol_win.cc(84)] TransactNamedPipe: 管道已结束。 (0x6D)
[1020/145912.190:ERROR:registration_protocol_win.cc(84)] TransactNamedPipe: 管道已结束。 (0x6D)
[1020/145912.173:ERROR:registration_protocol_win.cc(84)] TransactNamedPipe: 管道已结束。 (0x6D)
[1020/145912.263:ERROR:crashpad_client_win.cc(491)] CreateProcess: 页面文件太小，无法完成操作。 (0x5AF)
[1020/145912.284:ERROR:registration_protocol_win.cc(84)] TransactNamedPipe: 管道已结束。 (0x6D)
[1020/145912.317:ERROR:registration_protocol_win.cc(84)] TransactNamedPipe: 管道已结束。 (0x6D)
[1020/145912.327:ERROR:registration_protocol_win.cc(84)] TransactNamedPipe: 管道已结束。 (0x6D)
[1020/145912.359:ERROR:registration_protocol_win.cc(84)] TransactNamedPipe: 管道已结束。 (0x6D)
[1020/145912.413:ERROR:registration_protocol_win.cc(84)] TransactNamedPipe: 管道已结束。 (0x6D)
[1020/145912.445:ERROR:registration_protocol_win.cc(84)] TransactNamedPipe: 管道已结束。 (0x6D)
[1020/145912.452:ERROR:registration_protocol_win.cc(84)] TransactNamedPipe: 管道已结束。 (0x6D)
[1020/145912.469:ERROR:registration_protocol_win.cc(84)] TransactNamedPipe: 管道已结束。 (0x6D)
[1020/145912.507:ERROR:registration_protocol_win.cc(84)] TransactNamedPipe: 管道已结束。 (0x6D)
[1020/145912.514:ERROR:registration_protocol_win.cc(84)] TransactNamedPipe: 管道已结束。 (0x6D)
[1020/145912.566:ERROR:registration_protocol_win.cc(84)] TransactNamedPipe: 管道已结束。 (0x6D)
[1020/145912.178:ERROR:registration_protocol_win.cc(84)] TransactNamedPipe: 管道已结束。 (0x6D)
[1020/145912.641:ERROR:registration_protocol_win.cc(84)] TransactNamedPipe: 管道已结束。 (0x6D)
[1020/145912.662:ERROR:registration_protocol_win.cc(84)] TransactNamedPipe: 管道已结束。 (0x6D)
[1020/145912.687:ERROR:registration_protocol_win.cc(84)] TransactNamedPipe: 管道已结束。 (0x6D)
[1020/145912.693:ERROR:registration_protocol_win.cc(84)] TransactNamedPipe: 管道已结束。 (0x6D)
[1020/145912.696:ERROR:registration_protocol_win.cc(84)] TransactNamedPipe: 管道已结束。 (0x6D)
[1020/145912.700:ERROR:registration_protocol_win.cc(84)] TransactNamedPipe: 管道已结束。 (0x6D)
[1020/145912.739:ERROR:registration_protocol_win.cc(84)] TransactNamedPipe: 管道已结束。 (0x6D)
[1020/145912.770:ERROR:registration_protocol_win.cc(84)] TransactNamedPipe: 管道已结束。 (0x6D)
[1020/145912.769:ERROR:registration_protocol_win.cc(84)] TransactNamedPipe: 管道已结束。 (0x6D)
[1020/145912.801:ERROR:registration_protocol_win.cc(84)] TransactNamedPipe: 管道已结束。 (0x6D)
[1020/145912.821:ERROR:registration_protocol_win.cc(84)] TransactNamedPipe: 管道已结束。 (0x6D)
[1020/145912.832:ERROR:registration_protocol_win.cc(84)] TransactNamedPipe: 管道已结束。 (0x6D)
[1020/145912.973:ERROR:registration_protocol_win.cc(84)] TransactNamedPipe: 管道已结束。 (0x6D)
[1020/145913.026:ERROR:registration_protocol_win.cc(84)] TransactNamedPipe: 管道已结束。 (0x6D)
[1020/145913.239:ERROR:registration_protocol_win.cc(84)] TransactNamedPipe: 管道已结束。 (0x6D)
[1020/145913.267:ERROR:registration_protocol_win.cc(84)] TransactNamedPipe: 管道已结束。 (0x6D)
[1020/145913.368:ERROR:registration_protocol_win.cc(84)] TransactNamedPipe: 管道已结束。 (0x6D)
[1020/145913.451:ERROR:registration_protocol_win.cc(84)] TransactNamedPipe: 管道已结束。 (0x6D)
[1020/145913.457:ERROR:registration_protocol_win.cc(84)] TransactNamedPipe: 管道已结束。 (0x6D)
[1020/145913.610:ERROR:registration_protocol_win.cc(84)] TransactNamedPipe: 管道已结束。 (0x6D)
[1020/145913.500:ERROR:registration_protocol_win.cc(84)] TransactNamedPipe: 管道已结束。 (0x6D)
[1020/145913.793:ERROR:registration_protocol_win.cc(84)] TransactNamedPipe: 管道已结束。 (0x6D)
[1020/145913.839:ERROR:registration_protocol_win.cc(84)] TransactNamedPipe: 管道已结束。 (0x6D)
[1020/145913.849:ERROR:registration_protocol_win.cc(84)] TransactNamedPipe: 管道已结束。 (0x6D)
[1020/145913.850:ERROR:registration_protocol_win.cc(84)] TransactNamedPipe: 管道已结束。 (0x6D)
[1020/145915.324:ERROR:registration_protocol_win.cc(84)] TransactNamedPipe: 管道已结束。 (0x6D)
[1020/145915.327:ERROR:registration_protocol_win.cc(84)] TransactNamedPipe: 管道已结束。 (0x6D)
[1020/145915.319:ERROR:registration_protocol_win.cc(84)] TransactNamedPipe: 管道已结束。 (0x6D)
[1020/145915.363:ERROR:registration_protocol_win.cc(84)] TransactNamedPipe: 管道已结束。 (0x6D)
[1020/145915.373:ERROR:registration_protocol_win.cc(84)] TransactNamedPipe: 管道已结束。 (0x6D)
[1020/145915.386:ERROR:registration_protocol_win.cc(84)] TransactNamedPipe: 管道已结束。 (0x6D)
[1020/145915.393:ERROR:registration_protocol_win.cc(84)] TransactNamedPipe: 管道已结束。 (0x6D)
[1020/145915.416:ERROR:registration_protocol_win.cc(84)] TransactNamedPipe: 管道已结束。 (0x6D)
[1020/145915.430:ERROR:registration_protocol_win.cc(84)] TransactNamedPipe: 管道已结束。 (0x6D)
[1020/145915.433:ERROR:registration_protocol_win.cc(84)] TransactNamedPipe: 管道已结束。 (0x6D)
[1020/145915.441:ERROR:registration_protocol_win.cc(84)] TransactNamedPipe: 管道已结束。 (0x6D)
[1020/145915.447:ERROR:registration_protocol_win.cc(84)] TransactNamedPipe: 管道已结束。 (0x6D)
[1020/145915.449:ERROR:registration_protocol_win.cc(84)] TransactNamedPipe: 管道已结束。 (0x6D)
[1020/145915.459:ERROR:registration_protocol_win.cc(84)] TransactNamedPipe: 管道已结束。 (0x6D)
[1020/145915.529:ERROR:registration_protocol_win.cc(84)] TransactNamedPipe: 管道已结束。 (0x6D)
[1020/145915.552:ERROR:registration_protocol_win.cc(84)] TransactNamedPipe: 管道已结束。 (0x6D)
[1020/145915.553:ERROR:registration_protocol_win.cc(84)] TransactNamedPipe: 管道已结束。 (0x6D)
[1020/145915.548:ERROR:registration_protocol_win.cc(84)] TransactNamedPipe: 管道已结束。 (0x6D)
[1020/145915.567:ERROR:registration_protocol_win.cc(84)] TransactNamedPipe: 管道已结束。 (0x6D)
[1020/145915.456:ERROR:registration_protocol_win.cc(84)] TransactNamedPipe: 管道已结束。 (0x6D)
[1020/145915.482:ERROR:registration_protocol_win.cc(84)] TransactNamedPipe: 管道已结束。 (0x6D)
[1020/145915.620:ERROR:registration_protocol_win.cc(84)] TransactNamedPipe: 管道已结束。 (0x6D)
[1020/145915.625:ERROR:registration_protocol_win.cc(84)] TransactNamedPipe: 管道已结束。 (0x6D)
[1020/145915.635:ERROR:registration_protocol_win.cc(84)] TransactNamedPipe: 管道已结束。 (0x6D)
[1020/145915.651:ERROR:registration_protocol_win.cc(84)] TransactNamedPipe: 管道已结束。 (0x6D)
[1020/145915.668:ERROR:registration_protocol_win.cc(84)] TransactNamedPipe: 管道已结束。 (0x6D)
[1020/145915.663:ERROR:registration_protocol_win.cc(84)] TransactNamedPipe: 管道已结束。 (0x6D)
[1020/145915.671:ERROR:registration_protocol_win.cc(84)] TransactNamedPipe: 管道已结束。 (0x6D)
[1020/145915.672:ERROR:registration_protocol_win.cc(84)] TransactNamedPipe: 管道已结束。 (0x6D)
[1020/145915.671:ERROR:registration_protocol_win.cc(84)] TransactNamedPipe: 管道已结束。 (0x6D)
[1020/145915.678:ERROR:registration_protocol_win.cc(84)] TransactNamedPipe: 管道已结束。 (0x6D)
[1020/145915.684:ERROR:registration_protocol_win.cc(84)] TransactNamedPipe: 管道已结束。 (0x6D)
[1020/145915.687:ERROR:registration_protocol_win.cc(84)] TransactNamedPipe: 管道已结束。 (0x6D)
[1020/145915.688:ERROR:registration_protocol_win.cc(84)] TransactNamedPipe: 管道已结束。 (0x6D)
[1020/145915.691:ERROR:registration_protocol_win.cc(84)] TransactNamedPipe: 管道已结束。 (0x6D)
[1020/145915.700:ERROR:registration_protocol_win.cc(84)] TransactNamedPipe: 管道已结束。 (0x6D)
[1020/145915.703:ERROR:registration_protocol_win.cc(84)] TransactNamedPipe: 管道已结束。 (0x6D)
[1020/145915.660:ERROR:registration_protocol_win.cc(84)] TransactNamedPipe: 管道已结束。 (0x6D)
[1020/145915.667:ERROR:registration_protocol_win.cc(84)] TransactNamedPipe: 管道已结束。 (0x6D)
[1020/145915.743:ERROR:registration_protocol_win.cc(84)] TransactNamedPipe: 管道已结束。 (0x6D)
[1020/145915.747:ERROR:registration_protocol_win.cc(84)] TransactNamedPipe: 管道已结束。 (0x6D)
[1020/145915.788:ERROR:registration_protocol_win.cc(84)] TransactNamedPipe: 管道已结束。 (0x6D)
[1020/145916.000:ERROR:registration_protocol_win.cc(84)] TransactNamedPipe: 管道已结束。 (0x6D)
[1020/145916.006:ERROR:registration_protocol_win.cc(84)] TransactNamedPipe: 管道已结束。 (0x6D)
[1020/145916.017:ERROR:registration_protocol_win.cc(84)] TransactNamedPipe: 管道已结束。 (0x6D)
[1020/145916.017:ERROR:registration_protocol_win.cc(84)] TransactNamedPipe: 管道已结束。 (0x6D)
[1020/145916.036:ERROR:registration_protocol_win.cc(84)] TransactNamedPipe: 管道已结束。 (0x6D)
[1020/145916.192:ERROR:registration_protocol_win.cc(84)] TransactNamedPipe: 管道已结束。 (0x6D)
[1020/145916.199:ERROR:registration_protocol_win.cc(84)] TransactNamedPipe: 管道已结束。 (0x6D)
[1020/145916.273:ERROR:registration_protocol_win.cc(84)] TransactNamedPipe: 管道已结束。 (0x6D)
[1020/145916.277:ERROR:registration_protocol_win.cc(84)] TransactNamedPipe: 管道已结束。 (0x6D)
[1020/145916.279:ERROR:registration_protocol_win.cc(84)] TransactNamedPipe: 管道已结束。 (0x6D)
[1020/145916.286:ERROR:registration_protocol_win.cc(84)] TransactNamedPipe: 管道已结束。 (0x6D)
[1020/145916.287:ERROR:registration_protocol_win.cc(84)] TransactNamedPipe: 管道已结束。 (0x6D)
[1020/145916.579:ERROR:registration_protocol_win.cc(84)] TransactNamedPipe: 管道已结束。 (0x6D)
[1020/145916.774:ERROR:registration_protocol_win.cc(84)] TransactNamedPipe: 管道已结束。 (0x6D)
[1020/145916.825:ERROR:registration_protocol_win.cc(84)] TransactNamedPipe: 管道已结束。 (0x6D)
[1020/145916.884:ERROR:registration_protocol_win.cc(84)] TransactNamedPipe: 管道已结束。 (0x6D)
[1020/145917.233:ERROR:registration_protocol_win.cc(84)] TransactNamedPipe: 管道已结束。 (0x6D)
[1020/145917.317:ERROR:registration_protocol_win.cc(84)] TransactNamedPipe: 管道已结束。 (0x6D)
[1020/145917.329:ERROR:registration_protocol_win.cc(84)] TransactNamedPipe: 管道已结束。 (0x6D)
[1020/145917.435:ERROR:registration_protocol_win.cc(84)] TransactNamedPipe: 管道已结束。 (0x6D)
[1020/145917.578:ERROR:registration_protocol_win.cc(84)] TransactNamedPipe: 管道已结束。 (0x6D)
[1020/145918.360:ERROR:registration_protocol_win.cc(84)] TransactNamedPipe: 管道已结束。 (0x6D)
[1020/145918.526:ERROR:crashpad_client_win.cc(491)] CreateProcess: 页面文件太小，无法完成操作。 (0x5AF)
[1020/145918.647:ERROR:crashpad_client_win.cc(491)] CreateProcess: 页面文件太小，无法完成操作。 (0x5AF)
[1020/145918.655:ERROR:crashpad_client_win.cc(491)] CreateProcess: 页面文件太小，无法完成操作。 (0x5AF)
[1020/145918.761:ERROR:crashpad_client_win.cc(491)] CreateProcess: 页面文件太小，无法完成操作。 (0x5AF)
[1020/145918.855:ERROR:crashpad_client_win.cc(491)] CreateProcess: 页面文件太小，无法完成操作。 (0x5AF)
[1020/145919.023:ERROR:registration_protocol_win.cc(84)] TransactNamedPipe: 管道已结束。 (0x6D)
[1020/145919.032:ERROR:crashpad_client_win.cc(491)] CreateProcess: 页面文件太小，无法完成操作。 (0x5AF)
[1020/145919.101:ERROR:crashpad_client_win.cc(491)] CreateProcess: 系统资源不足，无法完成请求的服务。 (0x5AA)
[1020/145919.097:ERROR:crashpad_client_win.cc(491)] CreateProcess: 系统资源不足，无法完成请求的服务。 (0x5AA)
[1020/145919.099:ERROR:crashpad_client_win.cc(491)] CreateProcess: 系统资源不足，无法完成请求的服务。 (0x5AA)
[1020/145919.102:ERROR:crashpad_client_win.cc(491)] CreateProcess: 内存资源不足，无法处理此命令。 (0x8)
[1020/145919.117:ERROR:crashpad_client_win.cc(491)] CreateProcess: 页面文件太小，无法完成操作。 (0x5AF)
[1020/145919.135:ERROR:crashpad_client_win.cc(491)] CreateProcess: 页面文件太小，无法完成操作。 (0x5AF)
[1020/145919.148:ERROR:crashpad_client_win.cc(491)] CreateProcess: 页面文件太小，无法完成操作。 (0x5AF)
[1020/145919.148:ERROR:crashpad_client_win.cc(491)] CreateProcess: 页面文件太小，无法完成操作。 (0x5AF)
[1020/145919.149:ERROR:crashpad_client_win.cc(491)] CreateProcess: 内存资源不足，无法处理此命令。 (0x8)
[1020/145919.098:ERROR:crashpad_client_win.cc(491)] CreateProcess: 页面文件太小，无法完成操作。 (0x5AF)
[1020/145919.386:ERROR:registration_protocol_win.cc(84)] TransactNamedPipe: 管道已结束。 (0x6D)
[1020/145926.295:ERROR:crashpad_client_win.cc(130)] crash server failed to launch, self-terminating
[1020/145926.347:ERROR:crashpad_client_win.cc(130)] crash server failed to launch, self-terminating
[1020/145926.293:ERROR:crashpad_client_win.cc(130)] crash server failed to launch, self-terminating
[1020/145926.838:ERROR:crashpad_client_win.cc(130)] crash server failed to launch, self-terminating
[1020/145929.160:ERROR:crashpad_client_win.cc(130)] crash server failed to launch, self-terminating
[1020/145929.180:ERROR:crashpad_client_win.cc(130)] crash server failed to launch, self-terminating
[1020/145929.316:ERROR:crashpad_client_win.cc(130)] crash server failed to launch, self-terminating
[1020/145929.329:ERROR:crashpad_client_win.cc(491)] CreateProcess: 页面文件太小，无法完成操作。 (0x5AF)
[1020/145929.350:ERROR:crashpad_client_win.cc(491)] CreateProcess: 内存资源不足，无法处理此命令。 (0x8)
[1020/145929.504:ERROR:crashpad_client_win.cc(491)] CreateProcess: 页面文件太小，无法完成操作。 (0x5AF)
[1020/145929.549:ERROR:crashpad_client_win.cc(130)] crash server failed to launch, self-terminating
[1020/145929.837:ERROR:crashpad_client_win.cc(130)] crash server failed to launch, self-terminating
[1020/145929.856:ERROR:crashpad_client_win.cc(491)] CreateProcess: 系统资源不足，无法完成请求的服务。 (0x5AA)
[1020/145929.858:ERROR:crashpad_client_win.cc(491)] CreateProcess: 系统资源不足，无法完成请求的服务。 (0x5AA)
[1020/145929.861:ERROR:crash_report_database_win.cc(569)] CreateDirectory C:\Users\well-\AppData\Local\Temp\scoped_dir120804_27320\Crashpad\reports: 系统资源不足，无法完成请求的服务。 (0x5AA)
[1020/145929.861:ERROR:crash_report_database_win.cc(569)] CreateDirectory C:\Users\well-\AppData\Local\Temp\scoped_dir26620_2414\Crashpad\reports: 系统资源不足，无法完成请求的服务。 (0x5AA)
[1020/145929.887:ERROR:registration_protocol_win.cc(84)] TransactNamedPipe: 管道已结束。 (0x6D)
[1020/145929.856:ERROR:crashpad_client_win.cc(491)] CreateProcess: 页面文件太小，无法完成操作。 (0x5AF)
[1020/145929.931:ERROR:crashpad_client_win.cc(130)] crash server failed to launch, self-terminating
[1020/145929.984:ERROR:crashpad_client_win.cc(130)] crash server failed to launch, self-terminating
[1020/145930.357:ERROR:crashpad_client_win.cc(130)] crash server failed to launch, self-terminating
[1020/145930.834:ERROR:registration_protocol_win.cc(84)] TransactNamedPipe: 管道已结束。 (0x6D)
[1020/145931.283:ERROR:crashpad_client_win.cc(130)] crash server failed to launch, self-terminating
[1020/145931.344:ERROR:crashpad_client_win.cc(130)] crash server failed to launch, self-terminating
[1020/145932.273:ERROR:crashpad_client_win.cc(130)] crash server failed to launch, self-terminating
[1020/145932.398:ERROR:crashpad_client_win.cc(491)] CreateProcess: 页面文件太小，无法完成操作。 (0x5AF)
[1020/145932.749:ERROR:crashpad_client_win.cc(130)] crash server failed to launch, self-terminating
[1020/145932.801:ERROR:registration_protocol_win.cc(84)] TransactNamedPipe: 管道已结束。 (0x6D)
[1020/145935.971:ERROR:crashpad_client_win.cc(130)] crash server failed to launch, self-terminating
[1020/145946.555:ERROR:crashpad_client_win.cc(130)] crash server failed to launch, self-terminating
[1020/145946.557:ERROR:crashpad_client_win.cc(130)] crash server failed to launch, self-terminating
[1020/145946.591:FATAL:thread_win.cc(25)] : 页面文件太小，无法完成操作。 (0x5AF)
[1020/145946.595:FATAL:thread_win.cc(25)] : 页面文件太小，无法完成操作。 (0x5AF)
[1020/145946.595:FATAL:thread_win.cc(25)] : 页面文件太小，无法完成操作。 (0x5AF)
[1020/145946.595:FATAL:thread_win.cc(25)] : 页面文件太小，无法完成操作。 (0x5AF)
[1020/145946.628:FATAL:thread_win.cc(25)] : 页面文件太小，无法完成操作。 (0x5AF)
[1020/145946.654:FATAL:thread_win.cc(25)] : 页面文件太小，无法完成操作。 (0x5AF)
[1020/145946.718:FATAL:thread_win.cc(25)] : 页面文件太小，无法完成操作。 (0x5AF)
[1020/145946.720:FATAL:thread_win.cc(25)] : 页面文件太小，无法完成操作。 (0x5AF)
[1020/145946.744:FATAL:thread_win.cc(25)] : 页面文件太小，无法完成操作。 (0x5AF)
[1020/145946.773:FATAL:thread_win.cc(25)] : 页面文件太小，无法完成操作。 (0x5AF)
[1020/145946.762:FATAL:thread_win.cc(25)] : 页面文件太小，无法完成操作。 (0x5AF)
[1020/145946.710:FATAL:thread_win.cc(25)] : 页面文件太小，无法完成操作。 (0x5AF)
[1020/145946.775:FATAL:thread_win.cc(25)] : 页面文件太小，无法完成操作。 (0x5AF)
[1020/145946.748:FATAL:thread_win.cc(25)] : 页面文件太小，无法完成操作。 (0x5AF)
[1020/145946.786:FATAL:exception_handler_server.cc(331)] : 页面文件太小，无法完成操作。 (0x5AF)
[1020/145946.787:FATAL:thread_win.cc(25)] : 页面文件太小，无法完成操作。 (0x5AF)
[1020/145946.777:FATAL:thread_win.cc(25)] : 页面文件太小，无法完成操作。 (0x5AF)
[1020/145946.774:FATAL:thread_win.cc(25)] : 页面文件太小，无法完成操作。 (0x5AF)
[1020/145946.776:FATAL:thread_win.cc(25)] : 页面文件太小，无法完成操作。 (0x5AF)
[1020/145946.789:FATAL:thread_win.cc(25)] : 页面文件太小，无法完成操作。 (0x5AF)
[1020/145946.776:FATAL:thread_win.cc(25)] : 页面文件太小，无法完成操作。 (0x5AF)
[1020/145946.773:FATAL:thread_win.cc(25)] : 页面文件太小，无法完成操作。 (0x5AF)
[1020/145946.777:FATAL:thread_win.cc(25)] : 页面文件太小，无法完成操作。 (0x5AF)
[1020/145946.777:FATAL:thread_win.cc(25)] : 页面文件太小，无法完成操作。 (0x5AF)
[1020/145946.832:FATAL:exception_handler_server.cc(331)] : 页面文件太小，无法完成操作。 (0x5AF)
[1020/145946.777:FATAL:thread_win.cc(25)] : 页面文件太小，无法完成操作。 (0x5AF)
[1020/145946.744:FATAL:thread_win.cc(25)] : Error (0x13D) while retrieving error. (0x5AF)
[1020/145946.777:FATAL:thread_win.cc(25)] : 页面文件太小，无法完成操作。 (0x5AF)
[1020/145946.704:FATAL:thread_win.cc(25)] : 页面文件太小，无法完成操作。 (0x5AF)
[1020/145946.773:FATAL:thread_win.cc(25)] : 页面文件太小，无法完成操作。 (0x5AF)
[1020/145946.932:ERROR:crashpad_client_win.cc(130)] crash server failed to launch, self-terminating
[1020/145947.142:FATAL:exception_handler_server.cc(331)] : 页面文件太小，无法完成操作。 (0x5AF)
[1020/145952.698:ERROR:registration_protocol_win.cc(84)] TransactNamedPipe: 管道已结束。 (0x6D)
[1020/145953.208:ERROR:registration_protocol_win.cc(84)] TransactNamedPipe: 管道已结束。 (0x6D)
[1020/145953.234:ERROR:crashpad_client_win.cc(491)] CreateProcess: 系统资源不足，无法完成请求的服务。 (0x5AA)
[1020/145953.234:ERROR:crashpad_client_win.cc(491)] CreateProcess: 页面文件太小，无法完成操作。 (0x5AF)
[1020/145953.247:ERROR:crashpad_client_win.cc(130)] crash server failed to launch, self-terminating
[1020/145953.387:ERROR:crashpad_client_win.cc(491)] CreateProcess: 页面文件太小，无法完成操作。 (0x5AF)
[1020/145953.375:ERROR:crashpad_client_win.cc(491)] CreateProcess: 页面文件太小，无法完成操作。 (0x5AF)
[1020/145953.751:ERROR:registration_protocol_win.cc(84)] TransactNamedPipe: 管道已结束。 (0x6D)
[1020/145953.748:ERROR:registration_protocol_win.cc(84)] TransactNamedPipe: 管道已结束。 (0x6D)
[1020/145953.747:ERROR:registration_protocol_win.cc(84)] TransactNamedPipe: 管道已结束。 (0x6D)
[1020/145953.758:ERROR:registration_protocol_win.cc(84)] TransactNamedPipe: 管道已结束。 (0x6D)
[1020/145953.800:ERROR:crashpad_client_win.cc(130)] crash server failed to launch, self-terminating
[1020/145953.797:ERROR:registration_protocol_win.cc(84)] TransactNamedPipe: 管道已结束。 (0x6D)
[1020/145953.797:ERROR:registration_protocol_win.cc(84)] TransactNamedPipe: 管道已结束。 (0x6D)
[1020/145953.757:ERROR:registration_protocol_win.cc(84)] TransactNamedPipe: 管道已结束。 (0x6D)
[1020/145953.838:ERROR:crashpad_client_win.cc(130)] crash server failed to launch, self-terminating
[1020/145953.821:ERROR:registration_protocol_win.cc(84)] TransactNamedPipe: 管道已结束。 (0x6D)
[1020/145953.748:ERROR:registration_protocol_win.cc(84)] TransactNamedPipe: 管道已结束。 (0x6D)
[1020/145953.851:ERROR:crashpad_client_win.cc(130)] crash server failed to launch, self-terminating
[1020/145953.851:ERROR:crashpad_client_win.cc(130)] crash server failed to launch, self-terminating
[1020/145953.187:ERROR:registration_protocol_win.cc(84)] TransactNamedPipe: 管道已结束。 (0x6D)
[1020/145953.812:ERROR:registration_protocol_win.cc(84)] TransactNamedPipe: 管道已结束。 (0x6D)
[1020/145953.908:ERROR:registration_protocol_win.cc(84)] TransactNamedPipe: 管道已结束。 (0x6D)
[1020/145953.904:ERROR:registration_protocol_win.cc(84)] TransactNamedPipe: 管道已结束。 (0x6D)
[1020/145953.903:ERROR:registration_protocol_win.cc(84)] TransactNamedPipe: 管道已结束。 (0x6D)
[1020/145953.873:ERROR:registration_protocol_win.cc(84)] TransactNamedPipe: 管道已结束。 (0x6D)
[1020/145953.846:ERROR:registration_protocol_win.cc(84)] TransactNamedPipe: 管道已结束。 (0x6D)
[1020/145953.846:ERROR:registration_protocol_win.cc(84)] TransactNamedPipe: 管道已结束。 (0x6D)
[1020/145953.924:ERROR:registration_protocol_win.cc(84)] TransactNamedPipe: 管道已结束。 (0x6D)
[1020/145953.836:ERROR:registration_protocol_win.cc(84)] TransactNamedPipe: 管道已结束。 (0x6D)
[1020/145954.052:ERROR:registration_protocol_win.cc(84)] TransactNamedPipe: 管道已结束。 (0x6D)
[1020/145953.982:ERROR:registration_protocol_win.cc(84)] TransactNamedPipe: 管道已结束。 (0x6D)
[1020/145953.961:ERROR:registration_protocol_win.cc(84)] TransactNamedPipe: 管道已结束。 (0x6D)
[1020/145953.914:ERROR:registration_protocol_win.cc(84)] TransactNamedPipe: 管道已结束。 (0x6D)
[1020/145953.907:ERROR:registration_protocol_win.cc(84)] TransactNamedPipe: 管道已结束。 (0x6D)
[1020/145953.983:ERROR:registration_protocol_win.cc(84)] TransactNamedPipe: 管道已结束。 (0x6D)
[1020/145953.984:ERROR:registration_protocol_win.cc(84)] TransactNamedPipe: 管道已结束。 (0x6D)
[1020/145954.106:ERROR:registration_protocol_win.cc(84)] TransactNamedPipe: 管道已结束。 (0x6D)
[1020/145953.980:ERROR:registration_protocol_win.cc(84)] TransactNamedPipe: 管道已结束。 (0x6D)
[1020/145954.256:ERROR:crashpad_client_win.cc(130)] crash server failed to launch, self-terminating
[1020/145953.921:ERROR:registration_protocol_win.cc(84)] TransactNamedPipe: 管道已结束。 (0x6D)
[1020/145954.076:ERROR:registration_protocol_win.cc(84)] TransactNamedPipe: 管道已结束。 (0x6D)
[1020/145954.669:ERROR:registration_protocol_win.cc(84)] TransactNamedPipe: 管道已结束。 (0x6D)
[1020/145954.684:ERROR:registration_protocol_win.cc(84)] TransactNamedPipe: 管道已结束。 (0x6D)
[1020/145954.685:ERROR:registration_protocol_win.cc(84)] TransactNamedPipe: 管道已结束。 (0x6D)
[1020/145954.025:ERROR:registration_protocol_win.cc(84)] TransactNamedPipe: 管道已结束。 (0x6D)
[1020/145953.847:ERROR:registration_protocol_win.cc(84)] TransactNamedPipe: 管道已结束。 (0x6D)
[1020/150001.148:ERROR:crashpad_client_win.cc(130)] crash server failed to launch, self-terminating
[1020/150001.263:ERROR:crashpad_client_win.cc(130)] crash server failed to launch, self-terminating
[1020/150001.397:ERROR:crashpad_client_win.cc(130)] crash server failed to launch, self-terminating
[1020/150001.421:ERROR:crashpad_client_win.cc(130)] crash server failed to launch, self-terminating
[1020/150001.557:FATAL:thread_win.cc(25)] : 页面文件太小，无法完成操作。 (0x5AF)
[1020/150001.608:FATAL:exception_handler_server.cc(331)] : 页面文件太小，无法完成操作。 (0x5AF)
[1020/150001.668:ERROR:crashpad_client_win.cc(130)] crash server failed to launch, self-terminating
[1020/150001.669:ERROR:crashpad_client_win.cc(130)] crash server failed to launch, self-terminating
[1020/150001.669:ERROR:crashpad_client_win.cc(130)] crash server failed to launch, self-terminating
[1020/150001.670:ERROR:crashpad_client_win.cc(130)] crash server failed to launch, self-terminating
[1020/150001.681:ERROR:crashpad_client_win.cc(130)] crash server failed to launch, self-terminating
[1020/150001.688:ERROR:crashpad_client_win.cc(130)] crash server failed to launch, self-terminating
[1020/150001.700:ERROR:crashpad_client_win.cc(130)] crash server failed to launch, self-terminating
[1020/150001.814:ERROR:crashpad_client_win.cc(130)] crash server failed to launch, self-terminating
[1020/150002.928:ERROR:filesystem_win.cc(148)] DeleteFile C:\Users\well-\AppData\Local\Temp\scoped_dir133048_7700\Crashpad\reports\d6429ae8-5186-4b1f-839d-5e4c3c7c7864.dmp: 另一个程序正在使用此文件，进程无法访问。 (0x20)
[1020/150002.945:ERROR:crashpad_client_win.cc(130)] crash server failed to launch, self-terminating
[1020/150003.011:ERROR:crashpad_client_win.cc(130)] crash server failed to launch, self-terminating
[1020/150003.010:FATAL:thread_win.cc(25)] : 页面文件太小，无法完成操作。 (0x5AF)
[1020/150003.058:ERROR:crashpad_client_win.cc(130)] crash server failed to launch, self-terminating
[1020/150003.110:ERROR:crashpad_client_win.cc(130)] crash server failed to launch, self-terminating
[1020/150003.133:FATAL:thread_win.cc(25)] : 页面文件太小，无法完成操作。 (0x5AF)
[1020/150003.129:FATAL:thread_win.cc(25)] : 页面文件太小，无法完成操作。 (0x5AF)
[1020/150003.170:FATAL:exception_handler_server.cc(331)] : 页面文件太小，无法完成操作。 (0x5AF)
[1020/150003.173:FATAL:exception_handler_server.cc(331)] : 页面文件太小，无法完成操作。 (0x5AF)
[1020/150003.189:ERROR:registration_protocol_win.cc(84)] TransactNamedPipe: 管道已结束。 (0x6D)
[1020/150003.340:ERROR:crashpad_client_win.cc(130)] crash server failed to launch, self-terminating
[1020/150003.602:ERROR:crashpad_client_win.cc(130)] crash server failed to launch, self-terminating
[1020/150003.610:ERROR:crashpad_client_win.cc(130)] crash server failed to launch, self-terminating
[1020/150003.653:ERROR:crashpad_client_win.cc(130)] crash server failed to launch, self-terminating
[1020/150003.660:ERROR:crashpad_client_win.cc(130)] crash server failed to launch, self-terminating
[1020/150003.666:ERROR:crashpad_client_win.cc(130)] crash server failed to launch, self-terminating
[1020/150003.667:ERROR:crashpad_client_win.cc(130)] crash server failed to launch, self-terminating
[1020/150003.677:ERROR:crashpad_client_win.cc(130)] crash server failed to launch, self-terminating
[1020/150003.816:ERROR:crashpad_client_win.cc(130)] crash server failed to launch, self-terminating
[1020/150003.816:ERROR:crashpad_client_win.cc(130)] crash server failed to launch, self-terminating
[1020/150003.905:ERROR:crashpad_client_win.cc(130)] crash server failed to launch, self-terminating
[1020/150003.983:ERROR:process_info.cc(359)] UncheckedAllocate
[1020/150004.033:ERROR:crashpad_client_win.cc(130)] crash server failed to launch, self-terminating
[1020/150004.162:ERROR:process_info.cc(359)] UncheckedAllocate
[1020/150004.278:ERROR:crashpad_client_win.cc(130)] crash server failed to launch, self-terminating
[1020/150004.289:ERROR:crashpad_client_win.cc(130)] crash server failed to launch, self-terminating
[1020/150004.302:ERROR:process_info.cc(359)] UncheckedAllocate
[1020/150005.109:ERROR:registration_protocol_win.cc(84)] TransactNamedPipe: 管道已结束。 (0x6D)
[1020/150005.123:ERROR:registration_protocol_win.cc(84)] TransactNamedPipe: 管道已结束。 (0x6D)
[1020/150005.441:ERROR:filesystem_win.cc(148)] DeleteFile C:\Users\well-\AppData\Local\Temp\scoped_dir97416_23644\Crashpad\reports\aca8bbd0-7731-46ce-b053-216e34a32d11.dmp: 另一个程序正在使用此文件，进程无法访问。 (0x20)
[1020/150005.497:ERROR:process_info.cc(375)] NtQuerySystemInformation SystemExtendedHandleInformation: 指定的信息记录长度与请求的信息类别长度不符合。 (0xc0000004)
[1020/150005.514:ERROR:filesystem_win.cc(148)] DeleteFile C:\Users\well-\AppData\Local\Temp\scoped_dir117564_2692\Crashpad\reports\e2e233f6-16d5-474a-aae7-1d3602351c8b.dmp: 另一个程序正在使用此文件，进程无法访问。 (0x20)
[1020/150005.596:ERROR:filesystem_win.cc(148)] DeleteFile C:\Users\well-\AppData\Local\Temp\scoped_dir72236_23297\Crashpad\reports\cd821070-7086-42f0-9d64-19e789d5933a.dmp: 另一个程序正在使用此文件，进程无法访问。 (0x20)
[1020/150006.362:ERROR:registration_protocol_win.cc(84)] TransactNamedPipe: 管道已结束。 (0x6D)
[1020/150006.834:ERROR:registration_protocol_win.cc(84)] TransactNamedPipe: 管道已结束。 (0x6D)
[1020/150006.844:ERROR:registration_protocol_win.cc(84)] TransactNamedPipe: 管道已结束。 (0x6D)
[1020/150010.368:ERROR:crashpad_client_win.cc(130)] crash server failed to launch, self-terminating
[1020/150011.434:ERROR:process_info.cc(359)] UncheckedAllocate
[1020/150011.454:ERROR:process_info.cc(359)] UncheckedAllocate
[1020/150011.684:ERROR:crashpad_client_win.cc(130)] crash server failed to launch, self-terminating
[1020/150013.131:ERROR:registration_protocol_win.cc(84)] TransactNamedPipe: 管道已结束。 (0x6D)
[1020/150013.137:ERROR:registration_protocol_win.cc(84)] TransactNamedPipe: 管道已结束。 (0x6D)
[1020/150013.144:ERROR:registration_protocol_win.cc(84)] TransactNamedPipe: 管道已结束。 (0x6D)
[1020/150013.144:ERROR:registration_protocol_win.cc(84)] TransactNamedPipe: 管道已结束。 (0x6D)
[1020/150013.158:ERROR:registration_protocol_win.cc(84)] TransactNamedPipe: 管道已结束。 (0x6D)
